<?xml version="1.0" encoding="UTF-8"?>
<!-- Generated by org.testng.reporters.JUnitReportReporter -->
<testsuite hostname="DESKTOP-FGTOVGJ" failures="0" tests="2" name="com.harshi.Testng.AmazonSearchTest_amazon" time="5.355" errors="0" timestamp="2023-12-19T19:25:01 IST" skipped="0">
  <testcase classname="com.harshi.Testng.AmazonSearchTest_amazon" name="testSearch1" time="3.014"/>
  <testcase classname="com.harshi.Testng.AmazonSearchTest_amazon" name="testSearch2" time="2.341"/>
</testsuite> <!-- com.harshi.Testng.AmazonSearchTest_amazon -->
